<?xml version="1.0" encoding="UTF-8"?>
<testsuite xmlns:xsi="http://www.w3.org/2001/XMLSchema-instance" xsi:noNamespaceSchemaLocation="https://maven.apache.org/surefire/maven-surefire-plugin/xsd/surefire-test-report.xsd" name="com.kuang.KuangshenEsJdApplicationTests" time="3.772" tests="1" errors="0" skipped="0" failures="0">
  <properties>
    <property name="sun.desktop" value="windows"/>
    <property name="awt.toolkit" value="sun.awt.windows.WToolkit"/>
    <property name="file.encoding.pkg" value="sun.io"/>
    <property name="java.specification.version" value="1.8"/>
    <property name="sun.cpu.isalist" value="amd64"/>
    <property name="sun.jnu.encoding" value="GBK"/>
    <property name="java.class.path" value="E:\studio\kuang-es-api\kuangshen-es-jd\target\test-classes;E:\studio\kuang-es-api\kuangshen-es-jd\target\classes;D:\maven\repository\org\jsoup\jsoup\1.10.2\jsoup-1.10.2.jar;D:\maven\repository\com\alibaba\fastjson\1.2.73\fastjson-1.2.73.jar;D:\maven\repository\org\springframework\boot\spring-boot-starter-data-elasticsearch\2.2.5.RELEASE\spring-boot-starter-data-elasticsearch-2.2.5.RELEASE.jar;D:\maven\repository\org\springframework\boot\spring-boot-starter\2.2.5.RELEASE\spring-boot-starter-2.2.5.RELEASE.jar;D:\maven\repository\org\springframework\boot\spring-boot-starter-logging\2.2.5.RELEASE\spring-boot-starter-logging-2.2.5.RELEASE.jar;D:\maven\repository\ch\qos\logback\logback-classic\1.2.3\logback-classic-1.2.3.jar;D:\maven\repository\ch\qos\logback\logback-core\1.2.3\logback-core-1.2.3.jar;D:\maven\repository\org\apache\logging\log4j\log4j-to-slf4j\2.12.1\log4j-to-slf4j-2.12.1.jar;D:\maven\repository\org\apache\logging\log4j\log4j-api\2.12.1\log4j-api-2.12.1.jar;D:\maven\repository\org\slf4j\jul-to-slf4j\1.7.30\jul-to-slf4j-1.7.30.jar;D:\maven\repository\jakarta\annotation\jakarta.annotation-api\1.3.5\jakarta.annotation-api-1.3.5.jar;D:\maven\repository\org\yaml\snakeyaml\1.25\snakeyaml-1.25.jar;D:\maven\repository\org\springframework\data\spring-data-elasticsearch\3.2.5.RELEASE\spring-data-elasticsearch-3.2.5.RELEASE.jar;D:\maven\repository\org\springframework\spring-context\5.2.4.RELEASE\spring-context-5.2.4.RELEASE.jar;D:\maven\repository\org\springframework\spring-tx\5.2.4.RELEASE\spring-tx-5.2.4.RELEASE.jar;D:\maven\repository\org\springframework\data\spring-data-commons\2.2.5.RELEASE\spring-data-commons-2.2.5.RELEASE.jar;D:\maven\repository\joda-time\joda-time\2.10.5\joda-time-2.10.5.jar;D:\maven\repository\org\elasticsearch\client\transport\7.6.1\transport-7.6.1.jar;D:\maven\repository\org\elasticsearch\elasticsearch\7.6.1\elasticsearch-7.6.1.jar;D:\maven\repository\org\elasticsearch\elasticsearch-core\7.6.1\elasticsearch-core-7.6.1.jar;D:\maven\repository\org\elasticsearch\elasticsearch-secure-sm\7.6.1\elasticsearch-secure-sm-7.6.1.jar;D:\maven\repository\org\elasticsearch\elasticsearch-x-content\7.6.1\elasticsearch-x-content-7.6.1.jar;D:\maven\repository\com\fasterxml\jackson\dataformat\jackson-dataformat-smile\2.10.2\jackson-dataformat-smile-2.10.2.jar;D:\maven\repository\com\fasterxml\jackson\dataformat\jackson-dataformat-yaml\2.10.2\jackson-dataformat-yaml-2.10.2.jar;D:\maven\repository\com\fasterxml\jackson\dataformat\jackson-dataformat-cbor\2.10.2\jackson-dataformat-cbor-2.10.2.jar;D:\maven\repository\org\elasticsearch\elasticsearch-geo\7.6.1\elasticsearch-geo-7.6.1.jar;D:\maven\repository\org\apache\lucene\lucene-core\8.4.0\lucene-core-8.4.0.jar;D:\maven\repository\org\apache\lucene\lucene-analyzers-common\8.4.0\lucene-analyzers-common-8.4.0.jar;D:\maven\repository\org\apache\lucene\lucene-backward-codecs\8.4.0\lucene-backward-codecs-8.4.0.jar;D:\maven\repository\org\apache\lucene\lucene-grouping\8.4.0\lucene-grouping-8.4.0.jar;D:\maven\repository\org\apache\lucene\lucene-highlighter\8.4.0\lucene-highlighter-8.4.0.jar;D:\maven\repository\org\apache\lucene\lucene-join\8.4.0\lucene-join-8.4.0.jar;D:\maven\repository\org\apache\lucene\lucene-memory\8.4.0\lucene-memory-8.4.0.jar;D:\maven\repository\org\apache\lucene\lucene-misc\8.4.0\lucene-misc-8.4.0.jar;D:\maven\repository\org\apache\lucene\lucene-queries\8.4.0\lucene-queries-8.4.0.jar;D:\maven\repository\org\apache\lucene\lucene-queryparser\8.4.0\lucene-queryparser-8.4.0.jar;D:\maven\repository\org\apache\lucene\lucene-sandbox\8.4.0\lucene-sandbox-8.4.0.jar;D:\maven\repository\org\apache\lucene\lucene-spatial\8.4.0\lucene-spatial-8.4.0.jar;D:\maven\repository\org\apache\lucene\lucene-spatial-extras\8.4.0\lucene-spatial-extras-8.4.0.jar;D:\maven\repository\org\apache\lucene\lucene-spatial3d\8.4.0\lucene-spatial3d-8.4.0.jar;D:\maven\repository\org\apache\lucene\lucene-suggest\8.4.0\lucene-suggest-8.4.0.jar;D:\maven\repository\org\elasticsearch\elasticsearch-cli\7.6.1\elasticsearch-cli-7.6.1.jar;D:\maven\repository\net\sf\jopt-simple\jopt-simple\5.0.2\jopt-simple-5.0.2.jar;D:\maven\repository\com\carrotsearch\hppc\0.8.1\hppc-0.8.1.jar;D:\maven\repository\com\tdunning\t-digest\3.2\t-digest-3.2.jar;D:\maven\repository\org\hdrhistogram\HdrHistogram\2.1.9\HdrHistogram-2.1.9.jar;D:\maven\repository\org\elasticsearch\jna\4.5.1\jna-4.5.1.jar;D:\maven\repository\org\elasticsearch\plugin\reindex-client\7.6.1\reindex-client-7.6.1.jar;D:\maven\repository\org\elasticsearch\elasticsearch-ssl-config\7.6.1\elasticsearch-ssl-config-7.6.1.jar;D:\maven\repository\org\elasticsearch\plugin\lang-mustache-client\7.6.1\lang-mustache-client-7.6.1.jar;D:\maven\repository\com\github\spullara\mustache\java\compiler\0.9.6\compiler-0.9.6.jar;D:\maven\repository\org\elasticsearch\plugin\percolator-client\7.6.1\percolator-client-7.6.1.jar;D:\maven\repository\org\elasticsearch\plugin\parent-join-client\7.6.1\parent-join-client-7.6.1.jar;D:\maven\repository\org\elasticsearch\plugin\rank-eval-client\7.6.1\rank-eval-client-7.6.1.jar;D:\maven\repository\org\elasticsearch\plugin\transport-netty4-client\7.6.1\transport-netty4-client-7.6.1.jar;D:\maven\repository\io\netty\netty-buffer\4.1.45.Final\netty-buffer-4.1.45.Final.jar;D:\maven\repository\io\netty\netty-codec\4.1.45.Final\netty-codec-4.1.45.Final.jar;D:\maven\repository\io\netty\netty-codec-http\4.1.45.Final\netty-codec-http-4.1.45.Final.jar;D:\maven\repository\io\netty\netty-common\4.1.45.Final\netty-common-4.1.45.Final.jar;D:\maven\repository\io\netty\netty-handler\4.1.45.Final\netty-handler-4.1.45.Final.jar;D:\maven\repository\io\netty\netty-resolver\4.1.45.Final\netty-resolver-4.1.45.Final.jar;D:\maven\repository\io\netty\netty-transport\4.1.45.Final\netty-transport-4.1.45.Final.jar;D:\maven\repository\org\elasticsearch\client\elasticsearch-rest-high-level-client\7.6.1\elasticsearch-rest-high-level-client-7.6.1.jar;D:\maven\repository\org\elasticsearch\client\elasticsearch-rest-client\7.6.1\elasticsearch-rest-client-7.6.1.jar;D:\maven\repository\org\apache\httpcomponents\httpclient\4.5.11\httpclient-4.5.11.jar;D:\maven\repository\org\apache\httpcomponents\httpcore\4.4.13\httpcore-4.4.13.jar;D:\maven\repository\org\apache\httpcomponents\httpasyncclient\4.1.4\httpasyncclient-4.1.4.jar;D:\maven\repository\org\apache\httpcomponents\httpcore-nio\4.4.13\httpcore-nio-4.4.13.jar;D:\maven\repository\commons-codec\commons-codec\1.13\commons-codec-1.13.jar;D:\maven\repository\org\elasticsearch\plugin\mapper-extras-client\7.6.1\mapper-extras-client-7.6.1.jar;D:\maven\repository\org\elasticsearch\plugin\aggs-matrix-stats-client\7.6.1\aggs-matrix-stats-client-7.6.1.jar;D:\maven\repository\com\fasterxml\jackson\core\jackson-core\2.10.2\jackson-core-2.10.2.jar;D:\maven\repository\com\fasterxml\jackson\core\jackson-databind\2.10.2\jackson-databind-2.10.2.jar;D:\maven\repository\com\fasterxml\jackson\core\jackson-annotations\2.10.2\jackson-annotations-2.10.2.jar;D:\maven\repository\org\slf4j\slf4j-api\1.7.30\slf4j-api-1.7.30.jar;D:\maven\repository\org\springframework\boot\spring-boot-starter-thymeleaf\2.2.5.RELEASE\spring-boot-starter-thymeleaf-2.2.5.RELEASE.jar;D:\maven\repository\org\thymeleaf\thymeleaf-spring5\3.0.11.RELEASE\thymeleaf-spring5-3.0.11.RELEASE.jar;D:\maven\repository\org\thymeleaf\thymeleaf\3.0.11.RELEASE\thymeleaf-3.0.11.RELEASE.jar;D:\maven\repository\org\attoparser\attoparser\2.0.5.RELEASE\attoparser-2.0.5.RELEASE.jar;D:\maven\repository\org\unbescape\unbescape\1.1.6.RELEASE\unbescape-1.1.6.RELEASE.jar;D:\maven\repository\org\thymeleaf\extras\thymeleaf-extras-java8time\3.0.4.RELEASE\thymeleaf-extras-java8time-3.0.4.RELEASE.jar;D:\maven\repository\org\springframework\boot\spring-boot-starter-web\2.2.5.RELEASE\spring-boot-starter-web-2.2.5.RELEASE.jar;D:\maven\repository\org\springframework\boot\spring-boot-starter-json\2.2.5.RELEASE\spring-boot-starter-json-2.2.5.RELEASE.jar;D:\maven\repository\com\fasterxml\jackson\datatype\jackson-datatype-jdk8\2.10.2\jackson-datatype-jdk8-2.10.2.jar;D:\maven\repository\com\fasterxml\jackson\datatype\jackson-datatype-jsr310\2.10.2\jackson-datatype-jsr310-2.10.2.jar;D:\maven\repository\com\fasterxml\jackson\module\jackson-module-parameter-names\2.10.2\jackson-module-parameter-names-2.10.2.jar;D:\maven\repository\org\springframework\boot\spring-boot-starter-tomcat\2.2.5.RELEASE\spring-boot-starter-tomcat-2.2.5.RELEASE.jar;D:\maven\repository\org\apache\tomcat\embed\tomcat-embed-core\9.0.31\tomcat-embed-core-9.0.31.jar;D:\maven\repository\org\apache\tomcat\embed\tomcat-embed-el\9.0.31\tomcat-embed-el-9.0.31.jar;D:\maven\repository\org\apache\tomcat\embed\tomcat-embed-websocket\9.0.31\tomcat-embed-websocket-9.0.31.jar;D:\maven\repository\org\springframework\boot\spring-boot-starter-validation\2.2.5.RELEASE\spring-boot-starter-validation-2.2.5.RELEASE.jar;D:\maven\repository\jakarta\validation\jakarta.validation-api\2.0.2\jakarta.validation-api-2.0.2.jar;D:\maven\repository\org\hibernate\validator\hibernate-validator\6.0.18.Final\hibernate-validator-6.0.18.Final.jar;D:\maven\repository\org\jboss\logging\jboss-logging\3.4.1.Final\jboss-logging-3.4.1.Final.jar;D:\maven\repository\com\fasterxml\classmate\1.5.1\classmate-1.5.1.jar;D:\maven\repository\org\springframework\spring-web\5.2.4.RELEASE\spring-web-5.2.4.RELEASE.jar;D:\maven\repository\org\springframework\spring-beans\5.2.4.RELEASE\spring-beans-5.2.4.RELEASE.jar;D:\maven\repository\org\springframework\spring-webmvc\5.2.4.RELEASE\spring-webmvc-5.2.4.RELEASE.jar;D:\maven\repository\org\springframework\spring-aop\5.2.4.RELEASE\spring-aop-5.2.4.RELEASE.jar;D:\maven\repository\org\springframework\spring-expression\5.2.4.RELEASE\spring-expression-5.2.4.RELEASE.jar;D:\maven\repository\org\springframework\boot\spring-boot-devtools\2.2.5.RELEASE\spring-boot-devtools-2.2.5.RELEASE.jar;D:\maven\repository\org\springframework\boot\spring-boot\2.2.5.RELEASE\spring-boot-2.2.5.RELEASE.jar;D:\maven\repository\org\springframework\boot\spring-boot-autoconfigure\2.2.5.RELEASE\spring-boot-autoconfigure-2.2.5.RELEASE.jar;D:\maven\repository\org\springframework\boot\spring-boot-configuration-processor\2.2.5.RELEASE\spring-boot-configuration-processor-2.2.5.RELEASE.jar;D:\maven\repository\org\projectlombok\lombok\1.18.12\lombok-1.18.12.jar;D:\maven\repository\org\springframework\boot\spring-boot-starter-test\2.2.5.RELEASE\spring-boot-starter-test-2.2.5.RELEASE.jar;D:\maven\repository\org\springframework\boot\spring-boot-test\2.2.5.RELEASE\spring-boot-test-2.2.5.RELEASE.jar;D:\maven\repository\org\springframework\boot\spring-boot-test-autoconfigure\2.2.5.RELEASE\spring-boot-test-autoconfigure-2.2.5.RELEASE.jar;D:\maven\repository\com\jayway\jsonpath\json-path\2.4.0\json-path-2.4.0.jar;D:\maven\repository\net\minidev\json-smart\2.3\json-smart-2.3.jar;D:\maven\repository\net\minidev\accessors-smart\1.2\accessors-smart-1.2.jar;D:\maven\repository\org\ow2\asm\asm\5.0.4\asm-5.0.4.jar;D:\maven\repository\jakarta\xml\bind\jakarta.xml.bind-api\2.3.2\jakarta.xml.bind-api-2.3.2.jar;D:\maven\repository\jakarta\activation\jakarta.activation-api\1.2.2\jakarta.activation-api-1.2.2.jar;D:\maven\repository\org\junit\jupiter\junit-jupiter\5.5.2\junit-jupiter-5.5.2.jar;D:\maven\repository\org\junit\jupiter\junit-jupiter-api\5.5.2\junit-jupiter-api-5.5.2.jar;D:\maven\repository\org\apiguardian\apiguardian-api\1.1.0\apiguardian-api-1.1.0.jar;D:\maven\repository\org\opentest4j\opentest4j\1.2.0\opentest4j-1.2.0.jar;D:\maven\repository\org\junit\platform\junit-platform-commons\1.5.2\junit-platform-commons-1.5.2.jar;D:\maven\repository\org\junit\jupiter\junit-jupiter-params\5.5.2\junit-jupiter-params-5.5.2.jar;D:\maven\repository\org\junit\jupiter\junit-jupiter-engine\5.5.2\junit-jupiter-engine-5.5.2.jar;D:\maven\repository\org\junit\platform\junit-platform-engine\1.5.2\junit-platform-engine-1.5.2.jar;D:\maven\repository\org\mockito\mockito-junit-jupiter\3.1.0\mockito-junit-jupiter-3.1.0.jar;D:\maven\repository\org\assertj\assertj-core\3.13.2\assertj-core-3.13.2.jar;D:\maven\repository\org\hamcrest\hamcrest\2.1\hamcrest-2.1.jar;D:\maven\repository\org\mockito\mockito-core\3.1.0\mockito-core-3.1.0.jar;D:\maven\repository\net\bytebuddy\byte-buddy\1.10.8\byte-buddy-1.10.8.jar;D:\maven\repository\net\bytebuddy\byte-buddy-agent\1.10.8\byte-buddy-agent-1.10.8.jar;D:\maven\repository\org\objenesis\objenesis\2.6\objenesis-2.6.jar;D:\maven\repository\org\skyscreamer\jsonassert\1.5.0\jsonassert-1.5.0.jar;D:\maven\repository\com\vaadin\external\google\android-json\0.0.20131108.vaadin1\android-json-0.0.20131108.vaadin1.jar;D:\maven\repository\org\springframework\spring-core\5.2.4.RELEASE\spring-core-5.2.4.RELEASE.jar;D:\maven\repository\org\springframework\spring-jcl\5.2.4.RELEASE\spring-jcl-5.2.4.RELEASE.jar;D:\maven\repository\org\springframework\spring-test\5.2.4.RELEASE\spring-test-5.2.4.RELEASE.jar;D:\maven\repository\org\xmlunit\xmlunit-core\2.6.3\xmlunit-core-2.6.3.jar;"/>
    <property name="java.vm.vendor" value="Oracle Corporation"/>
    <property name="sun.arch.data.model" value="64"/>
    <property name="user.variant" value=""/>
    <property name="java.vendor.url" value="http://java.oracle.com/"/>
    <property name="user.timezone" value="Asia/Shanghai"/>
    <property name="java.vm.specification.version" value="1.8"/>
    <property name="os.name" value="Windows 10"/>
    <property name="user.country" value="CN"/>
    <property name="sun.java.launcher" value="SUN_STANDARD"/>
    <property name="sun.boot.library.path" value="C:\Program Files\Java\jdk1.8.0_261\jre\bin"/>
    <property name="sun.java.command" value="C:\Users\ygl\AppData\Local\Temp\surefire3202318856011966455\surefirebooter6843271562864468106.jar C:\Users\ygl\AppData\Local\Temp\surefire3202318856011966455 2020-09-25T10-42-15_875-jvmRun1 surefire8882803191409302441tmp surefire_01469134479204618208tmp"/>
    <property name="surefire.test.class.path" value="E:\studio\kuang-es-api\kuangshen-es-jd\target\test-classes;E:\studio\kuang-es-api\kuangshen-es-jd\target\classes;D:\maven\repository\org\jsoup\jsoup\1.10.2\jsoup-1.10.2.jar;D:\maven\repository\com\alibaba\fastjson\1.2.73\fastjson-1.2.73.jar;D:\maven\repository\org\springframework\boot\spring-boot-starter-data-elasticsearch\2.2.5.RELEASE\spring-boot-starter-data-elasticsearch-2.2.5.RELEASE.jar;D:\maven\repository\org\springframework\boot\spring-boot-starter\2.2.5.RELEASE\spring-boot-starter-2.2.5.RELEASE.jar;D:\maven\repository\org\springframework\boot\spring-boot-starter-logging\2.2.5.RELEASE\spring-boot-starter-logging-2.2.5.RELEASE.jar;D:\maven\repository\ch\qos\logback\logback-classic\1.2.3\logback-classic-1.2.3.jar;D:\maven\repository\ch\qos\logback\logback-core\1.2.3\logback-core-1.2.3.jar;D:\maven\repository\org\apache\logging\log4j\log4j-to-slf4j\2.12.1\log4j-to-slf4j-2.12.1.jar;D:\maven\repository\org\apache\logging\log4j\log4j-api\2.12.1\log4j-api-2.12.1.jar;D:\maven\repository\org\slf4j\jul-to-slf4j\1.7.30\jul-to-slf4j-1.7.30.jar;D:\maven\repository\jakarta\annotation\jakarta.annotation-api\1.3.5\jakarta.annotation-api-1.3.5.jar;D:\maven\repository\org\yaml\snakeyaml\1.25\snakeyaml-1.25.jar;D:\maven\repository\org\springframework\data\spring-data-elasticsearch\3.2.5.RELEASE\spring-data-elasticsearch-3.2.5.RELEASE.jar;D:\maven\repository\org\springframework\spring-context\5.2.4.RELEASE\spring-context-5.2.4.RELEASE.jar;D:\maven\repository\org\springframework\spring-tx\5.2.4.RELEASE\spring-tx-5.2.4.RELEASE.jar;D:\maven\repository\org\springframework\data\spring-data-commons\2.2.5.RELEASE\spring-data-commons-2.2.5.RELEASE.jar;D:\maven\repository\joda-time\joda-time\2.10.5\joda-time-2.10.5.jar;D:\maven\repository\org\elasticsearch\client\transport\7.6.1\transport-7.6.1.jar;D:\maven\repository\org\elasticsearch\elasticsearch\7.6.1\elasticsearch-7.6.1.jar;D:\maven\repository\org\elasticsearch\elasticsearch-core\7.6.1\elasticsearch-core-7.6.1.jar;D:\maven\repository\org\elasticsearch\elasticsearch-secure-sm\7.6.1\elasticsearch-secure-sm-7.6.1.jar;D:\maven\repository\org\elasticsearch\elasticsearch-x-content\7.6.1\elasticsearch-x-content-7.6.1.jar;D:\maven\repository\com\fasterxml\jackson\dataformat\jackson-dataformat-smile\2.10.2\jackson-dataformat-smile-2.10.2.jar;D:\maven\repository\com\fasterxml\jackson\dataformat\jackson-dataformat-yaml\2.10.2\jackson-dataformat-yaml-2.10.2.jar;D:\maven\repository\com\fasterxml\jackson\dataformat\jackson-dataformat-cbor\2.10.2\jackson-dataformat-cbor-2.10.2.jar;D:\maven\repository\org\elasticsearch\elasticsearch-geo\7.6.1\elasticsearch-geo-7.6.1.jar;D:\maven\repository\org\apache\lucene\lucene-core\8.4.0\lucene-core-8.4.0.jar;D:\maven\repository\org\apache\lucene\lucene-analyzers-common\8.4.0\lucene-analyzers-common-8.4.0.jar;D:\maven\repository\org\apache\lucene\lucene-backward-codecs\8.4.0\lucene-backward-codecs-8.4.0.jar;D:\maven\repository\org\apache\lucene\lucene-grouping\8.4.0\lucene-grouping-8.4.0.jar;D:\maven\repository\org\apache\lucene\lucene-highlighter\8.4.0\lucene-highlighter-8.4.0.jar;D:\maven\repository\org\apache\lucene\lucene-join\8.4.0\lucene-join-8.4.0.jar;D:\maven\repository\org\apache\lucene\lucene-memory\8.4.0\lucene-memory-8.4.0.jar;D:\maven\repository\org\apache\lucene\lucene-misc\8.4.0\lucene-misc-8.4.0.jar;D:\maven\repository\org\apache\lucene\lucene-queries\8.4.0\lucene-queries-8.4.0.jar;D:\maven\repository\org\apache\lucene\lucene-queryparser\8.4.0\lucene-queryparser-8.4.0.jar;D:\maven\repository\org\apache\lucene\lucene-sandbox\8.4.0\lucene-sandbox-8.4.0.jar;D:\maven\repository\org\apache\lucene\lucene-spatial\8.4.0\lucene-spatial-8.4.0.jar;D:\maven\repository\org\apache\lucene\lucene-spatial-extras\8.4.0\lucene-spatial-extras-8.4.0.jar;D:\maven\repository\org\apache\lucene\lucene-spatial3d\8.4.0\lucene-spatial3d-8.4.0.jar;D:\maven\repository\org\apache\lucene\lucene-suggest\8.4.0\lucene-suggest-8.4.0.jar;D:\maven\repository\org\elasticsearch\elasticsearch-cli\7.6.1\elasticsearch-cli-7.6.1.jar;D:\maven\repository\net\sf\jopt-simple\jopt-simple\5.0.2\jopt-simple-5.0.2.jar;D:\maven\repository\com\carrotsearch\hppc\0.8.1\hppc-0.8.1.jar;D:\maven\repository\com\tdunning\t-digest\3.2\t-digest-3.2.jar;D:\maven\repository\org\hdrhistogram\HdrHistogram\2.1.9\HdrHistogram-2.1.9.jar;D:\maven\repository\org\elasticsearch\jna\4.5.1\jna-4.5.1.jar;D:\maven\repository\org\elasticsearch\plugin\reindex-client\7.6.1\reindex-client-7.6.1.jar;D:\maven\repository\org\elasticsearch\elasticsearch-ssl-config\7.6.1\elasticsearch-ssl-config-7.6.1.jar;D:\maven\repository\org\elasticsearch\plugin\lang-mustache-client\7.6.1\lang-mustache-client-7.6.1.jar;D:\maven\repository\com\github\spullara\mustache\java\compiler\0.9.6\compiler-0.9.6.jar;D:\maven\repository\org\elasticsearch\plugin\percolator-client\7.6.1\percolator-client-7.6.1.jar;D:\maven\repository\org\elasticsearch\plugin\parent-join-client\7.6.1\parent-join-client-7.6.1.jar;D:\maven\repository\org\elasticsearch\plugin\rank-eval-client\7.6.1\rank-eval-client-7.6.1.jar;D:\maven\repository\org\elasticsearch\plugin\transport-netty4-client\7.6.1\transport-netty4-client-7.6.1.jar;D:\maven\repository\io\netty\netty-buffer\4.1.45.Final\netty-buffer-4.1.45.Final.jar;D:\maven\repository\io\netty\netty-codec\4.1.45.Final\netty-codec-4.1.45.Final.jar;D:\maven\repository\io\netty\netty-codec-http\4.1.45.Final\netty-codec-http-4.1.45.Final.jar;D:\maven\repository\io\netty\netty-common\4.1.45.Final\netty-common-4.1.45.Final.jar;D:\maven\repository\io\netty\netty-handler\4.1.45.Final\netty-handler-4.1.45.Final.jar;D:\maven\repository\io\netty\netty-resolver\4.1.45.Final\netty-resolver-4.1.45.Final.jar;D:\maven\repository\io\netty\netty-transport\4.1.45.Final\netty-transport-4.1.45.Final.jar;D:\maven\repository\org\elasticsearch\client\elasticsearch-rest-high-level-client\7.6.1\elasticsearch-rest-high-level-client-7.6.1.jar;D:\maven\repository\org\elasticsearch\client\elasticsearch-rest-client\7.6.1\elasticsearch-rest-client-7.6.1.jar;D:\maven\repository\org\apache\httpcomponents\httpclient\4.5.11\httpclient-4.5.11.jar;D:\maven\repository\org\apache\httpcomponents\httpcore\4.4.13\httpcore-4.4.13.jar;D:\maven\repository\org\apache\httpcomponents\httpasyncclient\4.1.4\httpasyncclient-4.1.4.jar;D:\maven\repository\org\apache\httpcomponents\httpcore-nio\4.4.13\httpcore-nio-4.4.13.jar;D:\maven\repository\commons-codec\commons-codec\1.13\commons-codec-1.13.jar;D:\maven\repository\org\elasticsearch\plugin\mapper-extras-client\7.6.1\mapper-extras-client-7.6.1.jar;D:\maven\repository\org\elasticsearch\plugin\aggs-matrix-stats-client\7.6.1\aggs-matrix-stats-client-7.6.1.jar;D:\maven\repository\com\fasterxml\jackson\core\jackson-core\2.10.2\jackson-core-2.10.2.jar;D:\maven\repository\com\fasterxml\jackson\core\jackson-databind\2.10.2\jackson-databind-2.10.2.jar;D:\maven\repository\com\fasterxml\jackson\core\jackson-annotations\2.10.2\jackson-annotations-2.10.2.jar;D:\maven\repository\org\slf4j\slf4j-api\1.7.30\slf4j-api-1.7.30.jar;D:\maven\repository\org\springframework\boot\spring-boot-starter-thymeleaf\2.2.5.RELEASE\spring-boot-starter-thymeleaf-2.2.5.RELEASE.jar;D:\maven\repository\org\thymeleaf\thymeleaf-spring5\3.0.11.RELEASE\thymeleaf-spring5-3.0.11.RELEASE.jar;D:\maven\repository\org\thymeleaf\thymeleaf\3.0.11.RELEASE\thymeleaf-3.0.11.RELEASE.jar;D:\maven\repository\org\attoparser\attoparser\2.0.5.RELEASE\attoparser-2.0.5.RELEASE.jar;D:\maven\repository\org\unbescape\unbescape\1.1.6.RELEASE\unbescape-1.1.6.RELEASE.jar;D:\maven\repository\org\thymeleaf\extras\thymeleaf-extras-java8time\3.0.4.RELEASE\thymeleaf-extras-java8time-3.0.4.RELEASE.jar;D:\maven\repository\org\springframework\boot\spring-boot-starter-web\2.2.5.RELEASE\spring-boot-starter-web-2.2.5.RELEASE.jar;D:\maven\repository\org\springframework\boot\spring-boot-starter-json\2.2.5.RELEASE\spring-boot-starter-json-2.2.5.RELEASE.jar;D:\maven\repository\com\fasterxml\jackson\datatype\jackson-datatype-jdk8\2.10.2\jackson-datatype-jdk8-2.10.2.jar;D:\maven\repository\com\fasterxml\jackson\datatype\jackson-datatype-jsr310\2.10.2\jackson-datatype-jsr310-2.10.2.jar;D:\maven\repository\com\fasterxml\jackson\module\jackson-module-parameter-names\2.10.2\jackson-module-parameter-names-2.10.2.jar;D:\maven\repository\org\springframework\boot\spring-boot-starter-tomcat\2.2.5.RELEASE\spring-boot-starter-tomcat-2.2.5.RELEASE.jar;D:\maven\repository\org\apache\tomcat\embed\tomcat-embed-core\9.0.31\tomcat-embed-core-9.0.31.jar;D:\maven\repository\org\apache\tomcat\embed\tomcat-embed-el\9.0.31\tomcat-embed-el-9.0.31.jar;D:\maven\repository\org\apache\tomcat\embed\tomcat-embed-websocket\9.0.31\tomcat-embed-websocket-9.0.31.jar;D:\maven\repository\org\springframework\boot\spring-boot-starter-validation\2.2.5.RELEASE\spring-boot-starter-validation-2.2.5.RELEASE.jar;D:\maven\repository\jakarta\validation\jakarta.validation-api\2.0.2\jakarta.validation-api-2.0.2.jar;D:\maven\repository\org\hibernate\validator\hibernate-validator\6.0.18.Final\hibernate-validator-6.0.18.Final.jar;D:\maven\repository\org\jboss\logging\jboss-logging\3.4.1.Final\jboss-logging-3.4.1.Final.jar;D:\maven\repository\com\fasterxml\classmate\1.5.1\classmate-1.5.1.jar;D:\maven\repository\org\springframework\spring-web\5.2.4.RELEASE\spring-web-5.2.4.RELEASE.jar;D:\maven\repository\org\springframework\spring-beans\5.2.4.RELEASE\spring-beans-5.2.4.RELEASE.jar;D:\maven\repository\org\springframework\spring-webmvc\5.2.4.RELEASE\spring-webmvc-5.2.4.RELEASE.jar;D:\maven\repository\org\springframework\spring-aop\5.2.4.RELEASE\spring-aop-5.2.4.RELEASE.jar;D:\maven\repository\org\springframework\spring-expression\5.2.4.RELEASE\spring-expression-5.2.4.RELEASE.jar;D:\maven\repository\org\springframework\boot\spring-boot-devtools\2.2.5.RELEASE\spring-boot-devtools-2.2.5.RELEASE.jar;D:\maven\repository\org\springframework\boot\spring-boot\2.2.5.RELEASE\spring-boot-2.2.5.RELEASE.jar;D:\maven\repository\org\springframework\boot\spring-boot-autoconfigure\2.2.5.RELEASE\spring-boot-autoconfigure-2.2.5.RELEASE.jar;D:\maven\repository\org\springframework\boot\spring-boot-configuration-processor\2.2.5.RELEASE\spring-boot-configuration-processor-2.2.5.RELEASE.jar;D:\maven\repository\org\projectlombok\lombok\1.18.12\lombok-1.18.12.jar;D:\maven\repository\org\springframework\boot\spring-boot-starter-test\2.2.5.RELEASE\spring-boot-starter-test-2.2.5.RELEASE.jar;D:\maven\repository\org\springframework\boot\spring-boot-test\2.2.5.RELEASE\spring-boot-test-2.2.5.RELEASE.jar;D:\maven\repository\org\springframework\boot\spring-boot-test-autoconfigure\2.2.5.RELEASE\spring-boot-test-autoconfigure-2.2.5.RELEASE.jar;D:\maven\repository\com\jayway\jsonpath\json-path\2.4.0\json-path-2.4.0.jar;D:\maven\repository\net\minidev\json-smart\2.3\json-smart-2.3.jar;D:\maven\repository\net\minidev\accessors-smart\1.2\accessors-smart-1.2.jar;D:\maven\repository\org\ow2\asm\asm\5.0.4\asm-5.0.4.jar;D:\maven\repository\jakarta\xml\bind\jakarta.xml.bind-api\2.3.2\jakarta.xml.bind-api-2.3.2.jar;D:\maven\repository\jakarta\activation\jakarta.activation-api\1.2.2\jakarta.activation-api-1.2.2.jar;D:\maven\repository\org\junit\jupiter\junit-jupiter\5.5.2\junit-jupiter-5.5.2.jar;D:\maven\repository\org\junit\jupiter\junit-jupiter-api\5.5.2\junit-jupiter-api-5.5.2.jar;D:\maven\repository\org\apiguardian\apiguardian-api\1.1.0\apiguardian-api-1.1.0.jar;D:\maven\repository\org\opentest4j\opentest4j\1.2.0\opentest4j-1.2.0.jar;D:\maven\repository\org\junit\platform\junit-platform-commons\1.5.2\junit-platform-commons-1.5.2.jar;D:\maven\repository\org\junit\jupiter\junit-jupiter-params\5.5.2\junit-jupiter-params-5.5.2.jar;D:\maven\repository\org\junit\jupiter\junit-jupiter-engine\5.5.2\junit-jupiter-engine-5.5.2.jar;D:\maven\repository\org\junit\platform\junit-platform-engine\1.5.2\junit-platform-engine-1.5.2.jar;D:\maven\repository\org\mockito\mockito-junit-jupiter\3.1.0\mockito-junit-jupiter-3.1.0.jar;D:\maven\repository\org\assertj\assertj-core\3.13.2\assertj-core-3.13.2.jar;D:\maven\repository\org\hamcrest\hamcrest\2.1\hamcrest-2.1.jar;D:\maven\repository\org\mockito\mockito-core\3.1.0\mockito-core-3.1.0.jar;D:\maven\repository\net\bytebuddy\byte-buddy\1.10.8\byte-buddy-1.10.8.jar;D:\maven\repository\net\bytebuddy\byte-buddy-agent\1.10.8\byte-buddy-agent-1.10.8.jar;D:\maven\repository\org\objenesis\objenesis\2.6\objenesis-2.6.jar;D:\maven\repository\org\skyscreamer\jsonassert\1.5.0\jsonassert-1.5.0.jar;D:\maven\repository\com\vaadin\external\google\android-json\0.0.20131108.vaadin1\android-json-0.0.20131108.vaadin1.jar;D:\maven\repository\org\springframework\spring-core\5.2.4.RELEASE\spring-core-5.2.4.RELEASE.jar;D:\maven\repository\org\springframework\spring-jcl\5.2.4.RELEASE\spring-jcl-5.2.4.RELEASE.jar;D:\maven\repository\org\springframework\spring-test\5.2.4.RELEASE\spring-test-5.2.4.RELEASE.jar;D:\maven\repository\org\xmlunit\xmlunit-core\2.6.3\xmlunit-core-2.6.3.jar;"/>
    <property name="sun.cpu.endian" value="little"/>
    <property name="user.home" value="C:\Users\ygl"/>
    <property name="user.language" value="zh"/>
    <property name="java.specification.vendor" value="Oracle Corporation"/>
    <property name="java.home" value="C:\Program Files\Java\jdk1.8.0_261\jre"/>
    <property name="basedir" value="E:\studio\kuang-es-api\kuangshen-es-jd"/>
    <property name="file.separator" value="\"/>
    <property name="line.separator" value="&#10;"/>
    <property name="java.vm.specification.vendor" value="Oracle Corporation"/>
    <property name="java.specification.name" value="Java Platform API Specification"/>
    <property name="java.awt.graphicsenv" value="sun.awt.Win32GraphicsEnvironment"/>
    <property name="surefire.real.class.path" value="C:\Users\ygl\AppData\Local\Temp\surefire3202318856011966455\surefirebooter6843271562864468106.jar"/>
    <property name="sun.boot.class.path" value="C:\Program Files\Java\jdk1.8.0_261\jre\lib\resources.jar;C:\Program Files\Java\jdk1.8.0_261\jre\lib\rt.jar;C:\Program Files\Java\jdk1.8.0_261\jre\lib\sunrsasign.jar;C:\Program Files\Java\jdk1.8.0_261\jre\lib\jsse.jar;C:\Program Files\Java\jdk1.8.0_261\jre\lib\jce.jar;C:\Program Files\Java\jdk1.8.0_261\jre\lib\charsets.jar;C:\Program Files\Java\jdk1.8.0_261\jre\lib\jfr.jar;C:\Program Files\Java\jdk1.8.0_261\jre\classes"/>
    <property name="user.script" value=""/>
    <property name="sun.management.compiler" value="HotSpot 64-Bit Tiered Compilers"/>
    <property name="java.runtime.version" value="1.8.0_261-b12"/>
    <property name="user.name" value="ygl"/>
    <property name="path.separator" value=";"/>
    <property name="os.version" value="10.0"/>
    <property name="java.endorsed.dirs" value="C:\Program Files\Java\jdk1.8.0_261\jre\lib\endorsed"/>
    <property name="java.runtime.name" value="Java(TM) SE Runtime Environment"/>
    <property name="file.encoding" value="GBK"/>
    <property name="java.vm.name" value="Java HotSpot(TM) 64-Bit Server VM"/>
    <property name="localRepository" value="D:\maven\repository"/>
    <property name="java.vendor.url.bug" value="http://bugreport.sun.com/bugreport/"/>
    <property name="java.io.tmpdir" value="C:\Users\ygl\AppData\Local\Temp\"/>
    <property name="idea.version" value="2020.2"/>
    <property name="java.version" value="1.8.0_261"/>
    <property name="user.dir" value="E:\studio\kuang-es-api\kuangshen-es-jd"/>
    <property name="os.arch" value="amd64"/>
    <property name="java.vm.specification.name" value="Java Virtual Machine Specification"/>
    <property name="java.awt.printerjob" value="sun.awt.windows.WPrinterJob"/>
    <property name="sun.os.patch.level" value=""/>
    <property name="java.library.path" value="C:\Program Files\Java\jdk1.8.0_261\jre\bin;C:\WINDOWS\Sun\Java\bin;C:\WINDOWS\system32;C:\WINDOWS;C:\Program Files (x86)\Common Files\Oracle\Java\javapath;C:\WINDOWS\system32;C:\WINDOWS;C:\WINDOWS\System32\Wbem;C:\WINDOWS\System32\WindowsPowerShell\v1.0\;C:\Program Files\Java\jdk1.8.0_261\bin;D:\maven\apache-maven-3.6.3\bin;D:\Program Files\nodejs\;C:\WINDOWS\System32\OpenSSH\;C:\Program Files\TortoiseSVN\bin;D:\mySQL\mysql-5.6.49-winx64\bin;C:\Users\ygl\AppData\Local\Microsoft\WindowsApps;D:\Program Files\nodejs\node_global;;C:\Users\ygl\AppData\Local\Programs\Microsoft VS Code\bin;."/>
    <property name="java.vm.info" value="mixed mode"/>
    <property name="java.vendor" value="Oracle Corporation"/>
    <property name="java.vm.version" value="25.261-b12"/>
    <property name="java.ext.dirs" value="C:\Program Files\Java\jdk1.8.0_261\jre\lib\ext;C:\WINDOWS\Sun\Java\lib\ext"/>
    <property name="sun.io.unicode.encoding" value="UnicodeLittle"/>
    <property name="java.class.version" value="52.0"/>
  </properties>
  <testcase name="contextLoads" classname="com.kuang.KuangshenEsJdApplicationTests" time="0.212"/>
</testsuite>